#
# There is insufficient memory for the Java Runtime Environment to continue.
# Native memory allocation (malloc) failed to allocate 1178096 bytes for Chunk::new
# Possible reasons:
#   The system is out of physical RAM or swap space
#   The process is running with CompressedOops enabled, and the Java Heap may be blocking the growth of the native heap
# Possible solutions:
#   Reduce memory load on the system
#   Increase physical memory or swap space
#   Check if swap backing store is full
#   Decrease Java heap size (-Xmx/-Xms)
#   Decrease number of Java threads
#   Decrease Java thread stack sizes (-Xss)
#   Set larger code cache with -XX:ReservedCodeCacheSize=
#   JVM is running with Unscaled Compressed Oops mode in which the Java heap is
#     placed in the first 4GB address space. The Java Heap base address is the
#     maximum limit for the native heap growth. Please use -XX:HeapBaseMinAddress
#     to set the Java Heap base and to place the Java Heap above 4GB virtual address.
# This output file may be truncated or incomplete.
#
#  Out of Memory Error (arena.cpp:184), pid=11444, tid=8584
#
# JRE version: Java(TM) SE Runtime Environment (19.0.1+10) (build 19.0.1+10-21)
# Java VM: Java HotSpot(TM) 64-Bit Server VM (19.0.1+10-21, mixed mode, sharing, tiered, compressed oops, compressed class ptrs, g1 gc, windows-amd64)
# No core dump will be written. Minidumps are not enabled by default on client versions of Windows
#

---------------  S U M M A R Y ------------

Command Line: C:\Users\Supriya\AppData\Local\Temp\surefire8094437684908076036\surefirebooter8469057140445208858.jar C:\Users\Supriya\AppData\Local\Temp\surefire8094437684908076036 2023-04-29T23-24-04_241-jvmRun1 surefire14502009754962974181tmp surefire_011427545576188556113tmp

Host: Intel(R) Core(TM) i3-5005U CPU @ 2.00GHz, 4 cores, 3G,  Windows 10 , 64 bit Build 19041 (10.0.19041.2788)
Time: Sat Apr 29 23:24:16 2023 India Standard Time elapsed time: 11.578675 seconds (0d 0h 0m 11s)

---------------  T H R E A D  ---------------

Current thread (0x000001eea6bca070):  JavaThread "C2 CompilerThread0" daemon [_thread_in_native, id=8584, stack(0x0000002955c00000,0x0000002955d00000)]


Current CompileTask:
C2:  11579 4714       4       org.springframework.core.annotation.TypeMappedAnnotations$MergedAnnotationFinder::doWithAnnotations (75 bytes)

Stack: [0x0000002955c00000,0x0000002955d00000]
Native frames: (J=compiled Java code, j=interpreted, Vv=VM code, C=native code)
V  [jvm.dll+0x6ee8fa]
V  [jvm.dll+0x857a1e]
V  [jvm.dll+0x85940e]
V  [jvm.dll+0x859ac3]
V  [jvm.dll+0x28291f]
V  [jvm.dll+0xc9b5f]
V  [jvm.dll+0xc9ee5]
V  [jvm.dll+0x3bcb72]
V  [jvm.dll+0x386201]
V  [jvm.dll+0x38567a]
V  [jvm.dll+0x24c2c9]
V  [jvm.dll+0x24b671]
V  [jvm.dll+0x1d6d61]
V  [jvm.dll+0x25b0fa]
V  [jvm.dll+0x259588]
V  [jvm.dll+0x807928]
V  [jvm.dll+0x8015fa]
V  [jvm.dll+0x6ed5eb]
C  [ucrtbase.dll+0x21bb2]
C  [KERNEL32.DLL+0x17604]
C  [ntdll.dll+0x526a1]


---------------  P R O C E S S  ---------------

Threads class SMR info:
_java_thread_list=0x000001eeade478a0, length=18, elements={
0x000001ee8b28b1a0, 0x000001eea6bb9a60, 0x000001eea6bba850, 0x000001eea6bbba00,
0x000001eea6bbff20, 0x000001eea6bc05a0, 0x000001eea6bc63f0, 0x000001eea6bca070,
0x000001eea6bd2df0, 0x000001eea6be5f30, 0x000001eeab071ee0, 0x000001eeab0762c0,
0x000001eeab0be0c0, 0x000001eeab277dd0, 0x000001eeab256b10, 0x000001eeab256070,
0x000001eeab257060, 0x000001eead4294b0
}

Java Threads: ( => current thread )
  0x000001ee8b28b1a0 JavaThread "main" [_thread_in_vm, id=10116, stack(0x0000002954f00000,0x0000002955000000)]
  0x000001eea6bb9a60 JavaThread "Reference Handler" daemon [_thread_blocked, id=13292, stack(0x0000002955600000,0x0000002955700000)]
  0x000001eea6bba850 JavaThread "Finalizer" daemon [_thread_blocked, id=7308, stack(0x0000002955700000,0x0000002955800000)]
  0x000001eea6bbba00 JavaThread "Signal Dispatcher" daemon [_thread_blocked, id=9072, stack(0x0000002955800000,0x0000002955900000)]
  0x000001eea6bbff20 JavaThread "Attach Listener" daemon [_thread_blocked, id=17368, stack(0x0000002955900000,0x0000002955a00000)]
  0x000001eea6bc05a0 JavaThread "Service Thread" daemon [_thread_blocked, id=16184, stack(0x0000002955a00000,0x0000002955b00000)]
  0x000001eea6bc63f0 JavaThread "Monitor Deflation Thread" daemon [_thread_blocked, id=12236, stack(0x0000002955b00000,0x0000002955c00000)]
=>0x000001eea6bca070 JavaThread "C2 CompilerThread0" daemon [_thread_in_native, id=8584, stack(0x0000002955c00000,0x0000002955d00000)]
  0x000001eea6bd2df0 JavaThread "C1 CompilerThread0" daemon [_thread_blocked, id=15624, stack(0x0000002955d00000,0x0000002955e00000)]
  0x000001eea6be5f30 JavaThread "Sweeper thread" daemon [_thread_blocked, id=3736, stack(0x0000002955e00000,0x0000002955f00000)]
  0x000001eeab071ee0 JavaThread "Notification Thread" daemon [_thread_blocked, id=16060, stack(0x0000002955f00000,0x0000002956000000)]
  0x000001eeab0762c0 JavaThread "Common-Cleaner" daemon [_thread_blocked, id=17320, stack(0x0000002956100000,0x0000002956200000)]
  0x000001eeab0be0c0 JavaThread "surefire-forkedjvm-command-thread" daemon [_thread_in_native, id=16652, stack(0x0000002956200000,0x0000002956300000)]
  0x000001eeab277dd0 JavaThread "surefire-forkedjvm-ping-30s" daemon [_thread_in_native, id=16904, stack(0x0000002956300000,0x0000002956400000)]
  0x000001eeab256b10 JavaThread "HikariPool-1 housekeeper" daemon [_thread_blocked, id=2452, stack(0x0000002956700000,0x0000002956800000)]
  0x000001eeab256070 JavaThread "HikariPool-1 connection adder" daemon [_thread_blocked, id=17052, stack(0x0000002956800000,0x0000002956900000)]
  0x000001eeab257060 JavaThread "task-1" [_thread_blocked, id=5404, stack(0x0000002956900000,0x0000002956a00000)]
  0x000001eead4294b0 JavaThread "task-2" [_thread_blocked, id=836, stack(0x0000002956a00000,0x0000002956b00000)]

Other Threads:
  0x000001ee8b353c80 VMThread "VM Thread" [stack: 0x0000002955500000,0x0000002955600000] [id=1492]
  0x000001eeab075e60 WatcherThread "VM Periodic Task Thread" [stack: 0x0000002956000000,0x0000002956100000] [id=2100]
  0x000001ee8b2cbcb0 WorkerThread "GC Thread#0" [stack: 0x0000002955000000,0x0000002955100000] [id=9080]
  0x000001eeaba42270 WorkerThread "GC Thread#1" [stack: 0x0000002956400000,0x0000002956500000] [id=6336]
  0x000001eeabda4bf0 WorkerThread "GC Thread#2" [stack: 0x0000002956500000,0x0000002956600000] [id=2368]
  0x000001eeaba42940 WorkerThread "GC Thread#3" [stack: 0x0000002956600000,0x0000002956700000] [id=11816]
  0x000001ee8b2d4b30 ConcurrentGCThread "G1 Main Marker" [stack: 0x0000002955100000,0x0000002955200000] [id=11852]
  0x000001ee8b2d5d00 WorkerThread "G1 Conc#0" [stack: 0x0000002955200000,0x0000002955300000] [id=4380]
  0x000001ee8b32c4e0 ConcurrentGCThread "G1 Refine#0" [stack: 0x0000002955300000,0x0000002955400000] [id=12560]
  0x000001ee8b32e030 ConcurrentGCThread "G1 Service" [stack: 0x0000002955400000,0x0000002955500000] [id=12104]

Threads with active compile tasks:
C2 CompilerThread0    11648 4714       4       org.springframework.core.annotation.TypeMappedAnnotations$MergedAnnotationFinder::doWithAnnotations (75 bytes)

VM state: not at safepoint (normal execution)

VM Mutex/Monitor currently owned by a thread: None

Heap address: 0x00000000c1400000, size: 1004 MB, Compressed Oops mode: 32-bit

CDS archive(s) mapped at: [0x0000000800000000-0x0000000800c40000-0x0000000800c40000), size 12845056, SharedBaseAddress: 0x0000000800000000, ArchiveRelocationMode: 0.
Compressed class space mapped at: 0x0000000801000000-0x0000000841000000, reserved size: 1073741824
Narrow klass base: 0x0000000800000000, Narrow klass shift: 0, Narrow klass range: 0x100000000

GC Precious Log:
 CardTable entry size: 512
 Card Set container configuration: InlinePtr #cards 5 size 8 Array Of Cards #cards 12 size 40 Howl #buckets 4 coarsen threshold 1843 Howl Bitmap #cards 512 size 80 coarsen threshold 460 Card regions per heap region 1 cards per card region 2048
 CPUs: 4 total, 4 available
 Memory: 4011M
 Large Page Support: Disabled
 NUMA Support: Disabled
 Compressed Oops: Enabled (32-bit)
 Heap Region Size: 1M
 Heap Min Capacity: 8M
 Heap Initial Capacity: 64M
 Heap Max Capacity: 1004M
 Pre-touch: Disabled
 Parallel Workers: 4
 Concurrent Workers: 1
 Concurrent Refinement Workers: 4
 Periodic GC: Disabled

Heap:
 garbage-first heap   total 78848K, used 26792K [0x00000000c1400000, 0x0000000100000000)
  region size 1024K, 5 young (5120K), 1 survivors (1024K)
 Metaspace       used 47360K, committed 47744K, reserved 1114112K
  class space    used 6127K, committed 6336K, reserved 1048576K

Heap Regions: E=young(eden), S=young(survivor), O=old, HS=humongous(starts), HC=humongous(continues), CS=collection set, F=free, OA=open archive, CA=closed archive, TAMS=top-at-mark-start (previous, next)
|   0|0x00000000c1400000, 0x00000000c1500000, 0x00000000c1500000|100%|HS|  |TAMS 0x00000000c1500000, 0x00000000c1400000| Complete 
|   1|0x00000000c1500000, 0x00000000c1600000, 0x00000000c1600000|100%| O|  |TAMS 0x00000000c1600000, 0x00000000c1500000| Untracked 
|   2|0x00000000c1600000, 0x00000000c1700000, 0x00000000c1700000|100%| O|  |TAMS 0x00000000c1700000, 0x00000000c1600000| Untracked 
|   3|0x00000000c1700000, 0x00000000c1800000, 0x00000000c1800000|100%| O|  |TAMS 0x00000000c1800000, 0x00000000c1700000| Untracked 
|   4|0x00000000c1800000, 0x00000000c1900000, 0x00000000c1900000|100%| O|  |TAMS 0x00000000c1900000, 0x00000000c1800000| Untracked 
|   5|0x00000000c1900000, 0x00000000c1a00000, 0x00000000c1a00000|100%| O|  |TAMS 0x00000000c1a00000, 0x00000000c1900000| Untracked 
|   6|0x00000000c1a00000, 0x00000000c1b00000, 0x00000000c1b00000|100%| O|  |TAMS 0x00000000c1b00000, 0x00000000c1a00000| Untracked 
|   7|0x00000000c1b00000, 0x00000000c1c00000, 0x00000000c1c00000|100%| O|  |TAMS 0x00000000c1c00000, 0x00000000c1b00000| Untracked 
|   8|0x00000000c1c00000, 0x00000000c1d00000, 0x00000000c1d00000|100%| O|  |TAMS 0x00000000c1d00000, 0x00000000c1c00000| Untracked 
|   9|0x00000000c1d00000, 0x00000000c1e00000, 0x00000000c1e00000|100%| O|  |TAMS 0x00000000c1e00000, 0x00000000c1d00000| Untracked 
|  10|0x00000000c1e00000, 0x00000000c1f00000, 0x00000000c1f00000|100%| O|  |TAMS 0x00000000c1e00000, 0x00000000c1e00000| Untracked 
|  11|0x00000000c1f00000, 0x00000000c2000000, 0x00000000c2000000|100%| O|  |TAMS 0x00000000c2000000, 0x00000000c1f00000| Untracked 
|  12|0x00000000c2000000, 0x00000000c2100000, 0x00000000c2100000|100%| O|  |TAMS 0x00000000c2100000, 0x00000000c2000000| Untracked 
|  13|0x00000000c2100000, 0x00000000c2200000, 0x00000000c2200000|100%| O|  |TAMS 0x00000000c2200000, 0x00000000c2100000| Untracked 
|  14|0x00000000c2200000, 0x00000000c2300000, 0x00000000c2300000|100%| O|  |TAMS 0x00000000c2300000, 0x00000000c2200000| Untracked 
|  15|0x00000000c2300000, 0x00000000c2400000, 0x00000000c2400000|100%| O|  |TAMS 0x00000000c2400000, 0x00000000c2300000| Untracked 
|  16|0x00000000c2400000, 0x00000000c2500000, 0x00000000c2500000|100%| O|  |TAMS 0x00000000c2400000, 0x00000000c2400000| Untracked 
|  17|0x00000000c2500000, 0x00000000c2600000, 0x00000000c2600000|100%| O|  |TAMS 0x00000000c2500000, 0x00000000c2500000| Untracked 
|  18|0x00000000c2600000, 0x00000000c2700000, 0x00000000c2700000|100%| O|  |TAMS 0x00000000c2600000, 0x00000000c2600000| Untracked 
|  19|0x00000000c2700000, 0x00000000c2800000, 0x00000000c2800000|100%| O|  |TAMS 0x00000000c2700000, 0x00000000c2700000| Untracked 
|  20|0x00000000c2800000, 0x00000000c2800000, 0x00000000c2900000|  0%| F|  |TAMS 0x00000000c2800000, 0x00000000c2800000| Untracked 
|  21|0x00000000c2900000, 0x00000000c2a00000, 0x00000000c2a00000|100%| O|  |TAMS 0x00000000c2900000, 0x00000000c2900000| Untracked 
|  22|0x00000000c2a00000, 0x00000000c2b00000, 0x00000000c2b00000|100%| O|  |TAMS 0x00000000c2a00000, 0x00000000c2a00000| Untracked 
|  23|0x00000000c2b00000, 0x00000000c2b5aa00, 0x00000000c2c00000| 35%| O|  |TAMS 0x00000000c2b00000, 0x00000000c2b00000| Untracked 
|  24|0x00000000c2c00000, 0x00000000c2c00000, 0x00000000c2d00000|  0%| F|  |TAMS 0x00000000c2c00000, 0x00000000c2c00000| Untracked 
|  25|0x00000000c2d00000, 0x00000000c2d00000, 0x00000000c2e00000|  0%| F|  |TAMS 0x00000000c2d00000, 0x00000000c2d00000| Untracked 
|  26|0x00000000c2e00000, 0x00000000c2e00000, 0x00000000c2f00000|  0%| F|  |TAMS 0x00000000c2e00000, 0x00000000c2e00000| Untracked 
|  27|0x00000000c2f00000, 0x00000000c2f00000, 0x00000000c3000000|  0%| F|  |TAMS 0x00000000c2f00000, 0x00000000c2f00000| Untracked 
|  28|0x00000000c3000000, 0x00000000c3000000, 0x00000000c3100000|  0%| F|  |TAMS 0x00000000c3000000, 0x00000000c3000000| Untracked 
|  29|0x00000000c3100000, 0x00000000c3100000, 0x00000000c3200000|  0%| F|  |TAMS 0x00000000c3100000, 0x00000000c3100000| Untracked 
|  30|0x00000000c3200000, 0x00000000c3200000, 0x00000000c3300000|  0%| F|  |TAMS 0x00000000c3200000, 0x00000000c3200000| Untracked 
|  31|0x00000000c3300000, 0x00000000c3300000, 0x00000000c3400000|  0%| F|  |TAMS 0x00000000c3300000, 0x00000000c3300000| Untracked 
|  32|0x00000000c3400000, 0x00000000c3400000, 0x00000000c3500000|  0%| F|  |TAMS 0x00000000c3400000, 0x00000000c3400000| Untracked 
|  33|0x00000000c3500000, 0x00000000c3500000, 0x00000000c3600000|  0%| F|  |TAMS 0x00000000c3500000, 0x00000000c3500000| Untracked 
|  34|0x00000000c3600000, 0x00000000c3600000, 0x00000000c3700000|  0%| F|  |TAMS 0x00000000c3600000, 0x00000000c3600000| Untracked 
|  35|0x00000000c3700000, 0x00000000c3700000, 0x00000000c3800000|  0%| F|  |TAMS 0x00000000c3700000, 0x00000000c3700000| Untracked 
|  36|0x00000000c3800000, 0x00000000c3800000, 0x00000000c3900000|  0%| F|  |TAMS 0x00000000c3800000, 0x00000000c3800000| Untracked 
|  37|0x00000000c3900000, 0x00000000c3900000, 0x00000000c3a00000|  0%| F|  |TAMS 0x00000000c3900000, 0x00000000c3900000| Untracked 
|  38|0x00000000c3a00000, 0x00000000c3a00000, 0x00000000c3b00000|  0%| F|  |TAMS 0x00000000c3a00000, 0x00000000c3a00000| Untracked 
|  39|0x00000000c3b00000, 0x00000000c3b00000, 0x00000000c3c00000|  0%| F|  |TAMS 0x00000000c3b00000, 0x00000000c3b00000| Untracked 
|  40|0x00000000c3c00000, 0x00000000c3c00000, 0x00000000c3d00000|  0%| F|  |TAMS 0x00000000c3c00000, 0x00000000c3c00000| Untracked 
|  41|0x00000000c3d00000, 0x00000000c3d00000, 0x00000000c3e00000|  0%| F|  |TAMS 0x00000000c3d00000, 0x00000000c3d00000| Untracked 
|  42|0x00000000c3e00000, 0x00000000c3e00000, 0x00000000c3f00000|  0%| F|  |TAMS 0x00000000c3e00000, 0x00000000c3e00000| Untracked 
|  43|0x00000000c3f00000, 0x00000000c3f00000, 0x00000000c4000000|  0%| F|  |TAMS 0x00000000c3f00000, 0x00000000c3f00000| Untracked 
|  44|0x00000000c4000000, 0x00000000c4000000, 0x00000000c4100000|  0%| F|  |TAMS 0x00000000c4000000, 0x00000000c4000000| Untracked 
|  45|0x00000000c4100000, 0x00000000c4100000, 0x00000000c4200000|  0%| F|  |TAMS 0x00000000c4100000, 0x00000000c4100000| Untracked 
|  46|0x00000000c4200000, 0x00000000c4200000, 0x00000000c4300000|  0%| F|  |TAMS 0x00000000c4200000, 0x00000000c4200000| Untracked 
|  47|0x00000000c4300000, 0x00000000c4300000, 0x00000000c4400000|  0%| F|  |TAMS 0x00000000c4300000, 0x00000000c4300000| Untracked 
|  48|0x00000000c4400000, 0x00000000c4400000, 0x00000000c4500000|  0%| F|  |TAMS 0x00000000c4400000, 0x00000000c4400000| Untracked 
|  49|0x00000000c4500000, 0x00000000c4500000, 0x00000000c4600000|  0%| F|  |TAMS 0x00000000c4500000, 0x00000000c4500000| Untracked 
|  50|0x00000000c4600000, 0x00000000c4600000, 0x00000000c4700000|  0%| F|  |TAMS 0x00000000c4600000, 0x00000000c4600000| Untracked 
|  51|0x00000000c4700000, 0x00000000c4700000, 0x00000000c4800000|  0%| F|  |TAMS 0x00000000c4700000, 0x00000000c4700000| Untracked 
|  52|0x00000000c4800000, 0x00000000c4800000, 0x00000000c4900000|  0%| F|  |TAMS 0x00000000c4800000, 0x00000000c4800000| Untracked 
|  53|0x00000000c4900000, 0x00000000c4900000, 0x00000000c4a00000|  0%| F|  |TAMS 0x00000000c4900000, 0x00000000c4900000| Untracked 
|  54|0x00000000c4a00000, 0x00000000c4a00000, 0x00000000c4b00000|  0%| F|  |TAMS 0x00000000c4a00000, 0x00000000c4a00000| Untracked 
|  55|0x00000000c4b00000, 0x00000000c4b00000, 0x00000000c4c00000|  0%| F|  |TAMS 0x00000000c4b00000, 0x00000000c4b00000| Untracked 
|  56|0x00000000c4c00000, 0x00000000c4c00000, 0x00000000c4d00000|  0%| F|  |TAMS 0x00000000c4c00000, 0x00000000c4c00000| Untracked 
|  57|0x00000000c4d00000, 0x00000000c4d00000, 0x00000000c4e00000|  0%| F|  |TAMS 0x00000000c4d00000, 0x00000000c4d00000| Untracked 
|  58|0x00000000c4e00000, 0x00000000c4e00000, 0x00000000c4f00000|  0%| F|  |TAMS 0x00000000c4e00000, 0x00000000c4e00000| Untracked 
|  59|0x00000000c4f00000, 0x00000000c4f00000, 0x00000000c5000000|  0%| F|  |TAMS 0x00000000c4f00000, 0x00000000c4f00000| Untracked 
|  60|0x00000000c5000000, 0x00000000c5000000, 0x00000000c5100000|  0%| F|  |TAMS 0x00000000c5000000, 0x00000000c5000000| Untracked 
|  61|0x00000000c5100000, 0x00000000c5100000, 0x00000000c5200000|  0%| F|  |TAMS 0x00000000c5100000, 0x00000000c5100000| Untracked 
|  62|0x00000000c5200000, 0x00000000c5200000, 0x00000000c5300000|  0%| F|  |TAMS 0x00000000c5200000, 0x00000000c5200000| Untracked 
|  63|0x00000000c5300000, 0x00000000c5300000, 0x00000000c5400000|  0%| F|  |TAMS 0x00000000c5300000, 0x00000000c5300000| Untracked 
|  64|0x00000000c5400000, 0x00000000c5400000, 0x00000000c5500000|  0%| F|  |TAMS 0x00000000c5400000, 0x00000000c5400000| Untracked 
|  65|0x00000000c5500000, 0x00000000c5500000, 0x00000000c5600000|  0%| F|  |TAMS 0x00000000c5500000, 0x00000000c5500000| Untracked 
|  66|0x00000000c5600000, 0x00000000c5600000, 0x00000000c5700000|  0%| F|  |TAMS 0x00000000c5600000, 0x00000000c5600000| Untracked 
|  67|0x00000000c5700000, 0x00000000c5700000, 0x00000000c5800000|  0%| F|  |TAMS 0x00000000c5700000, 0x00000000c5700000| Untracked 
|  68|0x00000000c5800000, 0x00000000c5800000, 0x00000000c5900000|  0%| F|  |TAMS 0x00000000c5800000, 0x00000000c5800000| Untracked 
|  69|0x00000000c5900000, 0x00000000c5900000, 0x00000000c5a00000|  0%| F|  |TAMS 0x00000000c5900000, 0x00000000c5900000| Untracked 
|  70|0x00000000c5a00000, 0x00000000c5a00000, 0x00000000c5b00000|  0%| F|  |TAMS 0x00000000c5a00000, 0x00000000c5a00000| Untracked 
|  71|0x00000000c5b00000, 0x00000000c5b00000, 0x00000000c5c00000|  0%| F|  |TAMS 0x00000000c5b00000, 0x00000000c5b00000| Untracked 
|  72|0x00000000c5c00000, 0x00000000c5c6bc58, 0x00000000c5d00000| 42%| E|  |TAMS 0x00000000c5c00000, 0x00000000c5c00000| Complete 
|  73|0x00000000c5d00000, 0x00000000c5e00000, 0x00000000c5e00000|100%| E|CS|TAMS 0x00000000c5d00000, 0x00000000c5d00000| Complete 
|  74|0x00000000c5e00000, 0x00000000c5f00000, 0x00000000c5f00000|100%| E|CS|TAMS 0x00000000c5e00000, 0x00000000c5e00000| Complete 
|  83|0x00000000c6700000, 0x00000000c67cf6e0, 0x00000000c6800000| 81%| S|CS|TAMS 0x00000000c6700000, 0x00000000c6700000| Complete 
|  84|0x00000000c6800000, 0x00000000c6900000, 0x00000000c6900000|100%| E|CS|TAMS 0x00000000c6800000, 0x00000000c6800000| Complete 

Card table byte_map: [0x000001eea2400000,0x000001eea2600000] _byte_map_base: 0x000001eea1df6000

Marking Bits (Prev, Next): (CMBitMap*) 0x000001ee8b2cc2e0, (CMBitMap*) 0x000001ee8b2cc320
 Prev Bits: [0x000001eea2800000, 0x000001eea37b0000)
 Next Bits: [0x000001eea37b0000, 0x000001eea4760000)

Polling page: 0x000001ee89230000

Metaspace:

Usage:
  Non-class:     40.27 MB used.
      Class:      5.98 MB used.
       Both:     46.25 MB used.

Virtual space:
  Non-class space:       64.00 MB reserved,      40.50 MB ( 63%) committed,  1 nodes.
      Class space:        1.00 GB reserved,       6.19 MB ( <1%) committed,  1 nodes.
             Both:        1.06 GB reserved,      46.69 MB (  4%) committed. 

Chunk freelists:
   Non-Class:  2.91 MB
       Class:  1.84 MB
        Both:  4.75 MB

MaxMetaspaceSize: unlimited
CompressedClassSpaceSize: 1.00 GB
Initial GC threshold: 21.00 MB
Current GC threshold: 59.06 MB
CDS: on
MetaspaceReclaimPolicy: balanced
 - commit_granule_bytes: 65536.
 - commit_granule_words: 8192.
 - virtual_space_node_default_size: 8388608.
 - enlarge_chunks_in_place: 1.
 - new_chunks_are_fully_committed: 0.
 - uncommit_free_chunks: 1.
 - use_allocation_guard: 0.


Internal statistics:

num_allocs_failed_limit: 6.
num_arena_births: 434.
num_arena_deaths: 0.
num_vsnodes_births: 2.
num_vsnodes_deaths: 0.
num_space_committed: 747.
num_space_uncommitted: 0.
num_chunks_returned_to_freelist: 6.
num_chunks_taken_from_freelist: 2082.
num_chunk_merges: 3.
num_chunk_splits: 1542.
num_chunks_enlarged: 1293.
num_inconsistent_stats: 0.

CodeHeap 'non-profiled nmethods': size=120000Kb used=2074Kb max_used=2074Kb free=117925Kb
 bounds [0x000001ee9acd0000, 0x000001ee9af40000, 0x000001eea2200000]
CodeHeap 'profiled nmethods': size=120000Kb used=10582Kb max_used=10582Kb free=109417Kb
 bounds [0x000001ee93200000, 0x000001ee93c60000, 0x000001ee9a730000]
CodeHeap 'non-nmethods': size=5760Kb used=1375Kb max_used=1400Kb free=4384Kb
 bounds [0x000001ee9a730000, 0x000001ee9a9a0000, 0x000001ee9acd0000]
 total_blobs=5352 nmethods=4736 adapters=526
 compilation: enabled
              stopped_count=0, restarted_count=0
 full_count=0

Compilation events (20 events):
Event: 11.288 Thread 0x000001eea6bca070 nmethod 4698 0x000001ee9aed0c90 code [0x000001ee9aed0f20, 0x000001ee9aed3470]
Event: 11.288 Thread 0x000001eea6bca070 4710       4       java.util.Arrays::equals (57 bytes)
Event: 11.292 Thread 0x000001eea6bca070 nmethod 4710 0x000001ee9aed4e10 code [0x000001ee9aed4fa0, 0x000001ee9aed5118]
Event: 11.292 Thread 0x000001eea6bca070 4714       4       org.springframework.core.annotation.TypeMappedAnnotations$MergedAnnotationFinder::doWithAnnotations (75 bytes)
Event: 11.303 Thread 0x000001eea6bd2df0 4720       3       java.util.stream.Collectors::toSet (26 bytes)
Event: 11.304 Thread 0x000001eea6bd2df0 nmethod 4720 0x000001ee93c49490 code [0x000001ee93c496a0, 0x000001ee93c49cc8]
Event: 11.304 Thread 0x000001eea6bd2df0 4721       3       java.util.stream.Collectors$$Lambda$30/0x800000045::get (8 bytes)
Event: 11.304 Thread 0x000001eea6bd2df0 nmethod 4721 0x000001ee93c49e90 code [0x000001ee93c4a060, 0x000001ee93c4a538]
Event: 11.452 Thread 0x000001eea6bd2df0 4725       3       java.util.concurrent.ConcurrentHashMap::<init> (5 bytes)
Event: 11.453 Thread 0x000001eea6bd2df0 nmethod 4725 0x000001ee93c4a710 code [0x000001ee93c4a8c0, 0x000001ee93c4aa78]
Event: 11.491 Thread 0x000001eea6bd2df0 4727       2       java.lang.invoke.MethodHandles$Lookup::linkMethodHandleConstant (223 bytes)
Event: 11.493 Thread 0x000001eea6bd2df0 nmethod 4727 0x000001ee93c4ab90 code [0x000001ee93c4aea0, 0x000001ee93c4b8e8]
Event: 11.552 Thread 0x000001eea6bd2df0 4728   !   2       org.springframework.core.annotation.AnnotationTypeMappings::addIfPossible (88 bytes)
Event: 11.553 Thread 0x000001eea6bd2df0 nmethod 4728 0x000001ee93c4bf10 code [0x000001ee93c4c160, 0x000001ee93c4c768]
Event: 11.553 Thread 0x000001eea6bd2df0 4730       2       org.springframework.core.annotation.AnnotationTypeMapping::resolveAliasedForTargets (89 bytes)
Event: 11.554 Thread 0x000001eea6bd2df0 nmethod 4730 0x000001ee93c4cb90 code [0x000001ee93c4cd80, 0x000001ee93c4d218]
Event: 11.554 Thread 0x000001eea6bd2df0 4729       2       org.springframework.core.annotation.AnnotationTypeMapping::<init> (181 bytes)
Event: 11.556 Thread 0x000001eea6bd2df0 nmethod 4729 0x000001ee93c4d490 code [0x000001ee93c4d720, 0x000001ee93c4e548]
Event: 11.560 Thread 0x000001eea6bd2df0 4732       3       org.springframework.util.ConcurrentReferenceHashMap::get (37 bytes)
Event: 11.561 Thread 0x000001eea6bd2df0 nmethod 4732 0x000001ee93c4ea10 code [0x000001ee93c4ebe0, 0x000001ee93c4eed8]

GC Heap History (20 events):
Event: 2.828 GC heap before
{Heap before GC invocations=2 (full 0):
 garbage-first heap   total 65536K, used 27858K [0x00000000c1400000, 0x0000000100000000)
  region size 1024K, 21 young (21504K), 1 survivors (1024K)
 Metaspace       used 11419K, committed 11648K, reserved 1114112K
  class space    used 1365K, committed 1472K, reserved 1048576K
}
Event: 2.833 GC heap after
{Heap after GC invocations=3 (full 0):
 garbage-first heap   total 65536K, used 9895K [0x00000000c1400000, 0x0000000100000000)
  region size 1024K, 3 young (3072K), 3 survivors (3072K)
 Metaspace       used 11419K, committed 11648K, reserved 1114112K
  class space    used 1365K, committed 1472K, reserved 1048576K
}
Event: 3.950 GC heap before
{Heap before GC invocations=3 (full 0):
 garbage-first heap   total 65536K, used 39591K [0x00000000c1400000, 0x0000000100000000)
  region size 1024K, 33 young (33792K), 3 survivors (3072K)
 Metaspace       used 17583K, committed 17920K, reserved 1114112K
  class space    used 2132K, committed 2304K, reserved 1048576K
}
Event: 3.958 GC heap after
{Heap after GC invocations=4 (full 0):
 garbage-first heap   total 65536K, used 11278K [0x00000000c1400000, 0x0000000100000000)
  region size 1024K, 4 young (4096K), 4 survivors (4096K)
 Metaspace       used 17583K, committed 17920K, reserved 1114112K
  class space    used 2132K, committed 2304K, reserved 1048576K
}
Event: 5.032 GC heap before
{Heap before GC invocations=4 (full 0):
 garbage-first heap   total 65536K, used 43022K [0x00000000c1400000, 0x0000000100000000)
  region size 1024K, 36 young (36864K), 4 survivors (4096K)
 Metaspace       used 19744K, committed 20032K, reserved 1114112K
  class space    used 2371K, committed 2560K, reserved 1048576K
}
Event: 5.052 GC heap after
{Heap after GC invocations=5 (full 0):
 garbage-first heap   total 65536K, used 13242K [0x00000000c1400000, 0x0000000100000000)
  region size 1024K, 4 young (4096K), 4 survivors (4096K)
 Metaspace       used 19744K, committed 20032K, reserved 1114112K
  class space    used 2371K, committed 2560K, reserved 1048576K
}
Event: 5.511 GC heap before
{Heap before GC invocations=5 (full 0):
 garbage-first heap   total 65536K, used 22458K [0x00000000c1400000, 0x0000000100000000)
  region size 1024K, 14 young (14336K), 4 survivors (4096K)
 Metaspace       used 21265K, committed 21504K, reserved 1114112K
  class space    used 2567K, committed 2688K, reserved 1048576K
}
Event: 5.525 GC heap after
{Heap after GC invocations=6 (full 0):
 garbage-first heap   total 65536K, used 13630K [0x00000000c1400000, 0x0000000100000000)
  region size 1024K, 3 young (3072K), 3 survivors (3072K)
 Metaspace       used 21265K, committed 21504K, reserved 1114112K
  class space    used 2567K, committed 2688K, reserved 1048576K
}
Event: 7.630 GC heap before
{Heap before GC invocations=7 (full 0):
 garbage-first heap   total 51200K, used 41278K [0x00000000c1400000, 0x0000000100000000)
  region size 1024K, 30 young (30720K), 3 survivors (3072K)
 Metaspace       used 26082K, committed 26368K, reserved 1114112K
  class space    used 3164K, committed 3328K, reserved 1048576K
}
Event: 7.644 GC heap after
{Heap after GC invocations=8 (full 0):
 garbage-first heap   total 51200K, used 16489K [0x00000000c1400000, 0x0000000100000000)
  region size 1024K, 4 young (4096K), 4 survivors (4096K)
 Metaspace       used 26082K, committed 26368K, reserved 1114112K
  class space    used 3164K, committed 3328K, reserved 1048576K
}
Event: 7.682 GC heap before
{Heap before GC invocations=8 (full 0):
 garbage-first heap   total 51200K, used 17513K [0x00000000c1400000, 0x0000000100000000)
  region size 1024K, 5 young (5120K), 4 survivors (4096K)
 Metaspace       used 26265K, committed 26560K, reserved 1114112K
  class space    used 3204K, committed 3328K, reserved 1048576K
}
Event: 7.693 GC heap after
{Heap after GC invocations=9 (full 0):
 garbage-first heap   total 51200K, used 16916K [0x00000000c1400000, 0x0000000100000000)
  region size 1024K, 1 young (1024K), 1 survivors (1024K)
 Metaspace       used 26265K, committed 26560K, reserved 1114112K
  class space    used 3204K, committed 3328K, reserved 1048576K
}
Event: 8.567 GC heap before
{Heap before GC invocations=9 (full 0):
 garbage-first heap   total 51200K, used 36372K [0x00000000c1400000, 0x0000000100000000)
  region size 1024K, 21 young (21504K), 1 survivors (1024K)
 Metaspace       used 32205K, committed 32512K, reserved 1114112K
  class space    used 3826K, committed 3968K, reserved 1048576K
}
Event: 8.573 GC heap after
{Heap after GC invocations=10 (full 0):
 garbage-first heap   total 87040K, used 18509K [0x00000000c1400000, 0x0000000100000000)
  region size 1024K, 3 young (3072K), 3 survivors (3072K)
 Metaspace       used 32205K, committed 32512K, reserved 1114112K
  class space    used 3826K, committed 3968K, reserved 1048576K
}
Event: 9.615 GC heap before
{Heap before GC invocations=10 (full 0):
 garbage-first heap   total 87040K, used 41037K [0x00000000c1400000, 0x0000000100000000)
  region size 1024K, 27 young (27648K), 3 survivors (3072K)
 Metaspace       used 35773K, committed 36096K, reserved 1114112K
  class space    used 4415K, committed 4608K, reserved 1048576K
}
Event: 9.625 GC heap after
{Heap after GC invocations=11 (full 0):
 garbage-first heap   total 87040K, used 20637K [0x00000000c1400000, 0x0000000100000000)
  region size 1024K, 5 young (5120K), 5 survivors (5120K)
 Metaspace       used 35773K, committed 36096K, reserved 1114112K
  class space    used 4415K, committed 4608K, reserved 1048576K
}
Event: 11.406 GC heap before
{Heap before GC invocations=12 (full 0):
 garbage-first heap   total 78848K, used 61597K [0x00000000c1400000, 0x0000000100000000)
  region size 1024K, 46 young (47104K), 5 survivors (5120K)
 Metaspace       used 46544K, committed 46976K, reserved 1114112K
  class space    used 6009K, committed 6208K, reserved 1048576K
}
Event: 11.419 GC heap after
{Heap after GC invocations=13 (full 0):
 garbage-first heap   total 78848K, used 23224K [0x00000000c1400000, 0x0000000100000000)
  region size 1024K, 5 young (5120K), 5 survivors (5120K)
 Metaspace       used 46544K, committed 46976K, reserved 1114112K
  class space    used 6009K, committed 6208K, reserved 1048576K
}
Event: 11.459 GC heap before
{Heap before GC invocations=13 (full 0):
 garbage-first heap   total 78848K, used 24248K [0x00000000c1400000, 0x0000000100000000)
  region size 1024K, 6 young (6144K), 5 survivors (5120K)
 Metaspace       used 46839K, committed 47232K, reserved 1114112K
  class space    used 6038K, committed 6208K, reserved 1048576K
}
Event: 11.469 GC heap after
{Heap after GC invocations=14 (full 0):
 garbage-first heap   total 78848K, used 23720K [0x00000000c1400000, 0x0000000100000000)
  region size 1024K, 1 young (1024K), 1 survivors (1024K)
 Metaspace       used 46839K, committed 47232K, reserved 1114112K
  class space    used 6038K, committed 6208K, reserved 1048576K
}

Dll operation events (9 events):
Event: 0.015 Loaded shared library C:\Program Files\Java\jdk-19\bin\java.dll
Event: 0.028 Loaded shared library C:\Program Files\Java\jdk-19\bin\jsvml.dll
Event: 0.085 Loaded shared library C:\Program Files\Java\jdk-19\bin\net.dll
Event: 0.089 Loaded shared library C:\Program Files\Java\jdk-19\bin\nio.dll
Event: 0.096 Loaded shared library C:\Program Files\Java\jdk-19\bin\zip.dll
Event: 0.155 Loaded shared library C:\Program Files\Java\jdk-19\bin\management.dll
Event: 0.169 Loaded shared library C:\Program Files\Java\jdk-19\bin\management_ext.dll
Event: 0.235 Loaded shared library C:\Program Files\Java\jdk-19\bin\jimage.dll
Event: 0.326 Loaded shared library C:\Program Files\Java\jdk-19\bin\verify.dll

Deoptimization events (20 events):
Event: 10.921 Thread 0x000001eeab257060 Uncommon trap: trap_request=0xffffff45 fr.pc=0x000001ee9ae92498 relative=0x0000000000000638
Event: 10.921 Thread 0x000001eeab257060 Uncommon trap: reason=unstable_if action=reinterpret pc=0x000001ee9ae92498 method=java.util.HashMap$HashIterator.<init>(Ljava/util/HashMap;)V @ 45 c2
Event: 10.921 Thread 0x000001eeab257060 DEOPT PACKING pc=0x000001ee9ae92498 sp=0x00000029569fcff0
Event: 10.921 Thread 0x000001eeab257060 DEOPT UNPACKING pc=0x000001ee9a796da3 sp=0x00000029569fce80 mode 2
Event: 11.080 Thread 0x000001eeab257060 Uncommon trap: trap_request=0xffffff45 fr.pc=0x000001ee9ad13558 relative=0x00000000000008f8
Event: 11.080 Thread 0x000001eeab257060 Uncommon trap: reason=unstable_if action=reinterpret pc=0x000001ee9ad13558 method=java.util.jar.JarFile.getEntry(Ljava/lang/String;)Ljava/util/zip/ZipEntry; @ 15 c2
Event: 11.080 Thread 0x000001eeab257060 DEOPT PACKING pc=0x000001ee9ad13558 sp=0x00000029569fb660
Event: 11.080 Thread 0x000001eeab257060 DEOPT UNPACKING pc=0x000001ee9a796da3 sp=0x00000029569fb668 mode 2
Event: 11.268 Thread 0x000001ee8b28b1a0 Uncommon trap: trap_request=0xffffffde fr.pc=0x000001ee9adfa678 relative=0x0000000000001978
Event: 11.269 Thread 0x000001ee8b28b1a0 Uncommon trap: reason=class_check action=maybe_recompile pc=0x000001ee9adfa678 method=org.springframework.core.ResolvableType.resolveType()Lorg/springframework/core/ResolvableType; @ 101 c2
Event: 11.269 Thread 0x000001ee8b28b1a0 DEOPT PACKING pc=0x000001ee9adfa678 sp=0x0000002954ff6df0
Event: 11.269 Thread 0x000001ee8b28b1a0 DEOPT UNPACKING pc=0x000001ee9a796da3 sp=0x0000002954ff6dd8 mode 2
Event: 11.485 Thread 0x000001ee8b28b1a0 Uncommon trap: trap_request=0xffffff45 fr.pc=0x000001ee9ae1de84 relative=0x00000000000005e4
Event: 11.485 Thread 0x000001ee8b28b1a0 Uncommon trap: reason=unstable_if action=reinterpret pc=0x000001ee9ae1de84 method=java.lang.ref.ReferenceQueue.poll()Ljava/lang/ref/Reference; @ 4 c2
Event: 11.485 Thread 0x000001ee8b28b1a0 DEOPT PACKING pc=0x000001ee9ae1de84 sp=0x0000002954ff84c0
Event: 11.485 Thread 0x000001ee8b28b1a0 DEOPT UNPACKING pc=0x000001ee9a796da3 sp=0x0000002954ff81e0 mode 2
Event: 11.522 Thread 0x000001ee8b28b1a0 Uncommon trap: trap_request=0xffffff54 fr.pc=0x000001ee9ae591cc relative=0x000000000000048c
Event: 11.522 Thread 0x000001ee8b28b1a0 Uncommon trap: reason=speculate_null_assert action=make_not_entrant pc=0x000001ee9ae591cc method=org.springframework.util.ConcurrentReferenceHashMap$Segment.restructureIfNecessary(Z)V @ 41 c2
Event: 11.522 Thread 0x000001ee8b28b1a0 DEOPT PACKING pc=0x000001ee9ae591cc sp=0x0000002954ff7430
Event: 11.522 Thread 0x000001ee8b28b1a0 DEOPT UNPACKING pc=0x000001ee9a796da3 sp=0x0000002954ff7278 mode 2

Classes loaded (20 events):
Event: 11.081 Loading class java/io/ObjectInputFilter$Status
Event: 11.081 Loading class java/io/ObjectInputFilter$Status done
Event: 11.291 Loading class java/util/concurrent/CompletableFuture
Event: 11.292 Loading class java/util/concurrent/CompletionStage
Event: 11.293 Loading class java/util/concurrent/CompletionStage done
Event: 11.293 Loading class java/util/concurrent/CompletableFuture done
Event: 11.299 Loading class java/util/concurrent/CompletableFuture$AltResult
Event: 11.299 Loading class java/util/concurrent/CompletableFuture$AltResult done
Event: 11.302 Loading class java/util/concurrent/CompletableFuture$Completion
Event: 11.302 Loading class java/util/concurrent/CompletableFuture$AsynchronousCompletionTask
Event: 11.302 Loading class java/util/concurrent/CompletableFuture$AsynchronousCompletionTask done
Event: 11.303 Loading class java/util/concurrent/CompletableFuture$Completion done
Event: 11.470 Loading class javax/management/ObjectName
Event: 11.471 Loading class javax/management/QueryExp
Event: 11.471 Loading class javax/management/QueryExp done
Event: 11.471 Loading class javax/management/ObjectName done
Event: 11.507 Loading class java/lang/ObjectCustomizer
Event: 11.507 Loading class java/lang/ObjectCustomizer done
Event: 11.507 Loading class java/lang/ObjectCustomizer
Event: 11.507 Loading class java/lang/ObjectCustomizer done

Classes unloaded (0 events):
No events

Classes redefined (0 events):
No events

Internal exceptions (20 events):
Event: 9.973 Thread 0x000001ee8b28b1a0 Exception <a 'java/lang/ClassNotFoundException'{0x00000000c56774b8}: javax/persistence/EntityManagerCustomizer> (0x00000000c56774b8) 
thrown [s\open\src\hotspot\share\classfile\systemDictionary.cpp, line 255]
Event: 9.984 Thread 0x000001ee8b28b1a0 Exception <a 'java/lang/ClassNotFoundException'{0x00000000c56d0f48}: java/lang/ObjectCustomizer> (0x00000000c56d0f48) 
thrown [s\open\src\hotspot\share\classfile\systemDictionary.cpp, line 255]
Event: 9.986 Thread 0x000001ee8b28b1a0 Exception <a 'java/lang/ClassNotFoundException'{0x00000000c56da1d0}: org/springframework/beans/factory/config/AbstractFactoryBeanCustomizer> (0x00000000c56da1d0) 
thrown [s\open\src\hotspot\share\classfile\systemDictionary.cpp, line 255]
Event: 9.988 Thread 0x000001ee8b28b1a0 Exception <a 'java/lang/ClassNotFoundException'{0x00000000c56e84e8}: org/springframework/data/jpa/repository/config/JpaMetamodelMappingContextFactoryBeanCustomizer> (0x00000000c56e84e8) 
thrown [s\open\src\hotspot\share\classfile\systemDictionary.cpp, line 255]
Event: 9.990 Thread 0x000001ee8b28b1a0 Exception <a 'java/lang/ClassNotFoundException'{0x00000000c56f8a90}: org/springframework/context/ApplicationContextAwareCustomizer> (0x00000000c56f8a90) 
thrown [s\open\src\hotspot\share\classfile\systemDictionary.cpp, line 255]
Event: 9.993 Thread 0x000001ee8b28b1a0 Exception <a 'java/lang/ClassNotFoundException'{0x00000000c56ffa18}: org/springframework/beans/factory/AwareCustomizer> (0x00000000c56ffa18) 
thrown [s\open\src\hotspot\share\classfile\systemDictionary.cpp, line 255]
Event: 9.994 Thread 0x000001ee8b28b1a0 Exception <a 'java/lang/ClassNotFoundException'{0x00000000c553b958}: org/springframework/beans/factory/FactoryBeanCustomizer> (0x00000000c553b958) 
thrown [s\open\src\hotspot\share\classfile\systemDictionary.cpp, line 255]
Event: 9.995 Thread 0x000001ee8b28b1a0 Exception <a 'java/lang/ClassNotFoundException'{0x00000000c5544100}: org/springframework/beans/factory/BeanClassLoaderAwareCustomizer> (0x00000000c5544100) 
thrown [s\open\src\hotspot\share\classfile\systemDictionary.cpp, line 255]
Event: 9.997 Thread 0x000001ee8b28b1a0 Exception <a 'java/lang/ClassNotFoundException'{0x00000000c554a9e8}: org/springframework/beans/factory/AwareCustomizer> (0x00000000c554a9e8) 
thrown [s\open\src\hotspot\share\classfile\systemDictionary.cpp, line 255]
Event: 9.998 Thread 0x000001ee8b28b1a0 Exception <a 'java/lang/ClassNotFoundException'{0x00000000c55506a0}: org/springframework/beans/factory/BeanFactoryAwareCustomizer> (0x00000000c55506a0) 
thrown [s\open\src\hotspot\share\classfile\systemDictionary.cpp, line 255]
Event: 9.999 Thread 0x000001ee8b28b1a0 Exception <a 'java/lang/ClassNotFoundException'{0x00000000c5557628}: org/springframework/beans/factory/AwareCustomizer> (0x00000000c5557628) 
thrown [s\open\src\hotspot\share\classfile\systemDictionary.cpp, line 255]
Event: 10.001 Thread 0x000001ee8b28b1a0 Exception <a 'java/lang/ClassNotFoundException'{0x00000000c555d2e0}: org/springframework/beans/factory/InitializingBeanCustomizer> (0x00000000c555d2e0) 
thrown [s\open\src\hotspot\share\classfile\systemDictionary.cpp, line 255]
Event: 10.002 Thread 0x000001ee8b28b1a0 Exception <a 'java/lang/ClassNotFoundException'{0x00000000c55637c0}: org/springframework/beans/factory/DisposableBeanCustomizer> (0x00000000c55637c0) 
thrown [s\open\src\hotspot\share\classfile\systemDictionary.cpp, line 255]
Event: 10.193 Thread 0x000001eeab257060 Exception <a 'java/lang/NoSuchMethodError'{0x00000000c52e1208}: 'void java.lang.invoke.DirectMethodHandle$Holder.invokeVirtual(java.lang.Object, java.lang.Object)'> (0x00000000c52e1208) 
thrown [s\open\src\hotspot\share\interpreter\linkResolver.cpp, line 774]
Event: 10.202 Thread 0x000001eeab257060 Implicit null exception at 0x000001ee9adc9def to 0x000001ee9adca1e0
Event: 10.202 Thread 0x000001eeab257060 Implicit null exception at 0x000001ee9ae483ac to 0x000001ee9ae483e2
Event: 11.296 Thread 0x000001ee8b28b1a0 Exception <a 'java/lang/NoSuchMethodError'{0x00000000c34897e8}: 'java.lang.Object java.lang.invoke.DirectMethodHandle$Holder.invokeSpecialIFC(java.lang.Object, java.lang.Object, java.lang.Object)'> (0x00000000c34897e8) 
thrown [s\open\src\hotspot\share\interpreter\linkResolver.cpp, line 774]
Event: 11.367 Thread 0x000001ee8b28b1a0 Exception <a 'java/lang/NoSuchMethodError'{0x00000000c3384a40}: 'java.lang.Object java.lang.invoke.DirectMethodHandle$Holder.invokeInterface(java.lang.Object, java.lang.Object, java.lang.Object)'> (0x00000000c3384a40) 
thrown [s\open\src\hotspot\share\interpreter\linkResolver.cpp, line 774]
Event: 11.508 Thread 0x000001ee8b28b1a0 Exception <a 'java/lang/ClassNotFoundException'{0x00000000c68abf90}: java/lang/ObjectCustomizer> (0x00000000c68abf90) 
thrown [s\open\src\hotspot\share\classfile\systemDictionary.cpp, line 255]
Event: 11.509 Thread 0x000001ee8b28b1a0 Exception <a 'java/lang/ClassNotFoundException'{0x00000000c68b4088}: com/javatpoint/model/StudentCustomizer> (0x00000000c68b4088) 
thrown [s\open\src\hotspot\share\classfile\systemDictionary.cpp, line 255]

VM Operations (20 events):
Event: 9.595 Executing VM operation: ICBufferFull
Event: 9.595 Executing VM operation: ICBufferFull done
Event: 9.614 Executing VM operation: HandshakeAllThreads
Event: 9.614 Executing VM operation: HandshakeAllThreads done
Event: 9.615 Executing VM operation: CollectForMetadataAllocation
Event: 9.625 Executing VM operation: CollectForMetadataAllocation done
Event: 9.685 Executing VM operation: G1PauseRemark
Event: 9.692 Executing VM operation: G1PauseRemark done
Event: 9.723 Executing VM operation: G1PauseCleanup
Event: 9.727 Executing VM operation: G1PauseCleanup done
Event: 9.818 Executing VM operation: HandshakeAllThreads
Event: 9.818 Executing VM operation: HandshakeAllThreads done
Event: 10.822 Executing VM operation: Cleanup
Event: 10.822 Executing VM operation: Cleanup done
Event: 11.406 Executing VM operation: G1CollectForAllocation
Event: 11.419 Executing VM operation: G1CollectForAllocation done
Event: 11.459 Executing VM operation: G1CollectForAllocation
Event: 11.469 Executing VM operation: G1CollectForAllocation done
Event: 11.503 Executing VM operation: HandshakeAllThreads
Event: 11.503 Executing VM operation: HandshakeAllThreads done

Events (20 events):
Event: 0.048 Thread 0x000001eea6bba850 Thread added: 0x000001eea6bba850
Event: 0.048 Thread 0x000001eea6bbba00 Thread added: 0x000001eea6bbba00
Event: 0.049 Thread 0x000001eea6bbff20 Thread added: 0x000001eea6bbff20
Event: 0.049 Thread 0x000001eea6bc05a0 Thread added: 0x000001eea6bc05a0
Event: 0.049 Thread 0x000001eea6bc63f0 Thread added: 0x000001eea6bc63f0
Event: 0.049 Thread 0x000001eea6bca070 Thread added: 0x000001eea6bca070
Event: 0.050 Thread 0x000001eea6bd2df0 Thread added: 0x000001eea6bd2df0
Event: 0.050 Thread 0x000001eea6be5f30 Thread added: 0x000001eea6be5f30
Event: 0.077 Thread 0x000001eeab071ee0 Thread added: 0x000001eeab071ee0
Event: 0.080 Thread 0x000001eeab0762c0 Thread added: 0x000001eeab0762c0
Event: 0.128 Thread 0x000001eeab0be0c0 Thread added: 0x000001eeab0be0c0
Event: 0.311 Thread 0x000001eeab277dd0 Thread added: 0x000001eeab277dd0
Event: 2.629 Thread 0x000001eeabe48010 Thread added: 0x000001eeabe48010
Event: 3.304 Thread 0x000001eeabe48010 Thread exited: 0x000001eeabe48010
Event: 4.337 Thread 0x000001eeacab0ae0 Thread added: 0x000001eeacab0ae0
Event: 4.405 Thread 0x000001eeacab0ae0 Thread exited: 0x000001eeacab0ae0
Event: 8.232 Thread 0x000001eeab256b10 Thread added: 0x000001eeab256b10
Event: 8.345 Thread 0x000001eeab256070 Thread added: 0x000001eeab256070
Event: 8.382 Thread 0x000001eeab257060 Thread added: 0x000001eeab257060
Event: 11.237 Thread 0x000001eead4294b0 Thread added: 0x000001eead4294b0


Dynamic libraries:
0x00007ff653f10000 - 0x00007ff653f20000 	C:\Program Files\Java\jdk-19\bin\java.exe
0x00007ffa65eb0000 - 0x00007ffa660a8000 	C:\Windows\SYSTEM32\ntdll.dll
0x00007ffa65720000 - 0x00007ffa657df000 	C:\Windows\System32\KERNEL32.DLL
0x00007ffa635f0000 - 0x00007ffa638ca000 	C:\Windows\System32\KERNELBASE.dll
0x00007ffa63e10000 - 0x00007ffa63f10000 	C:\Windows\System32\ucrtbase.dll
0x00007ffa5b240000 - 0x00007ffa5b258000 	C:\Program Files\Java\jdk-19\bin\jli.dll
0x00007ffa5b160000 - 0x00007ffa5b17b000 	C:\Program Files\Java\jdk-19\bin\VCRUNTIME140.dll
0x00007ffa64620000 - 0x00007ffa646ce000 	C:\Windows\System32\ADVAPI32.dll
0x00007ffa646d0000 - 0x00007ffa6476e000 	C:\Windows\System32\msvcrt.dll
0x00007ffa65680000 - 0x00007ffa6571c000 	C:\Windows\System32\sechost.dll
0x00007ffa640f0000 - 0x00007ffa64216000 	C:\Windows\System32\RPCRT4.dll
0x00007ffa64350000 - 0x00007ffa644ed000 	C:\Windows\System32\USER32.dll
0x00007ffa635c0000 - 0x00007ffa635e2000 	C:\Windows\System32\win32u.dll
0x00007ffa62950000 - 0x00007ffa62bea000 	C:\Windows\WinSxS\amd64_microsoft.windows.common-controls_6595b64144ccf1df_6.0.19041.1110_none_60b5254171f9507e\COMCTL32.dll
0x00007ffa64010000 - 0x00007ffa6403b000 	C:\Windows\System32\GDI32.dll
0x00007ffa63ab0000 - 0x00007ffa63bc0000 	C:\Windows\System32\gdi32full.dll
0x00007ffa63d20000 - 0x00007ffa63dbd000 	C:\Windows\System32\msvcp_win.dll
0x00007ffa57a90000 - 0x00007ffa57a9a000 	C:\Windows\SYSTEM32\VERSION.dll
0x00007ffa65cb0000 - 0x00007ffa65ce0000 	C:\Windows\System32\IMM32.DLL
0x00007ffa5ecb0000 - 0x00007ffa5ecbc000 	C:\Program Files\Java\jdk-19\bin\vcruntime140_1.dll
0x00007ffa3d7f0000 - 0x00007ffa3d87e000 	C:\Program Files\Java\jdk-19\bin\msvcp140.dll
0x00007ffa21c50000 - 0x00007ffa22910000 	C:\Program Files\Java\jdk-19\bin\server\jvm.dll
0x00007ffa4d590000 - 0x00007ffa4d599000 	C:\Windows\SYSTEM32\WSOCK32.dll
0x00007ffa65610000 - 0x00007ffa6567b000 	C:\Windows\System32\WS2_32.dll
0x00007ffa4fea0000 - 0x00007ffa4fec7000 	C:\Windows\SYSTEM32\WINMM.dll
0x00007ffa60cf0000 - 0x00007ffa60d02000 	C:\Windows\SYSTEM32\kernel.appcore.dll
0x00007ffa5b310000 - 0x00007ffa5b31a000 	C:\Program Files\Java\jdk-19\bin\jimage.dll
0x00007ffa62f60000 - 0x00007ffa63144000 	C:\Windows\SYSTEM32\DBGHELP.DLL
0x00007ffa62ea0000 - 0x00007ffa62ed4000 	C:\Windows\SYSTEM32\dbgcore.DLL
0x00007ffa639b0000 - 0x00007ffa63a32000 	C:\Windows\System32\bcryptPrimitives.dll
0x00007ffa53fb0000 - 0x00007ffa53fd6000 	C:\Program Files\Java\jdk-19\bin\java.dll
0x00007ffa3cfc0000 - 0x00007ffa3d097000 	C:\Program Files\Java\jdk-19\bin\jsvml.dll
0x00007ffa64d90000 - 0x00007ffa654d4000 	C:\Windows\System32\SHELL32.dll
0x00007ffa60fd0000 - 0x00007ffa61763000 	C:\Windows\SYSTEM32\windows.storage.dll
0x00007ffa64a00000 - 0x00007ffa64d54000 	C:\Windows\System32\combase.dll
0x00007ffa628b0000 - 0x00007ffa628de000 	C:\Windows\SYSTEM32\Wldp.dll
0x00007ffa64570000 - 0x00007ffa6461d000 	C:\Windows\System32\SHCORE.dll
0x00007ffa65e10000 - 0x00007ffa65e65000 	C:\Windows\System32\shlwapi.dll
0x00007ffa63500000 - 0x00007ffa6351f000 	C:\Windows\SYSTEM32\profapi.dll
0x00007ffa537e0000 - 0x00007ffa537f3000 	C:\Program Files\Java\jdk-19\bin\net.dll
0x00007ffa573e0000 - 0x00007ffa574ea000 	C:\Windows\SYSTEM32\WINHTTP.dll
0x00007ffa62780000 - 0x00007ffa627ea000 	C:\Windows\system32\mswsock.dll
0x00007ffa531b0000 - 0x00007ffa531c6000 	C:\Program Files\Java\jdk-19\bin\nio.dll
0x00007ffa50c60000 - 0x00007ffa50c78000 	C:\Program Files\Java\jdk-19\bin\zip.dll
0x00007ffa550a0000 - 0x00007ffa550aa000 	C:\Program Files\Java\jdk-19\bin\management.dll
0x00007ffa54c10000 - 0x00007ffa54c1b000 	C:\Program Files\Java\jdk-19\bin\management_ext.dll
0x00007ffa63f10000 - 0x00007ffa63f18000 	C:\Windows\System32\PSAPI.DLL
0x00007ffa5af60000 - 0x00007ffa5af70000 	C:\Program Files\Java\jdk-19\bin\verify.dll
0x00007ffa4f030000 - 0x00007ffa4f047000 	C:\Windows\system32\napinsp.dll
0x00007ffa4f010000 - 0x00007ffa4f02b000 	C:\Windows\system32\pnrpnsp.dll
0x00007ffa5dce0000 - 0x00007ffa5dcf5000 	C:\Windows\system32\wshbth.dll
0x00007ffa5e9f0000 - 0x00007ffa5ea0d000 	C:\Windows\system32\NLAapi.dll
0x00007ffa62300000 - 0x00007ffa6233c000 	C:\Windows\SYSTEM32\IPHLPAPI.DLL
0x00007ffa62340000 - 0x00007ffa6240b000 	C:\Windows\SYSTEM32\DNSAPI.dll
0x00007ffa65ce0000 - 0x00007ffa65ce8000 	C:\Windows\System32\NSI.dll
0x00007ffa4efb0000 - 0x00007ffa4efc2000 	C:\Windows\System32\winrnr.dll
0x00007ffa52680000 - 0x00007ffa5268a000 	C:\Windows\System32\rasadhlp.dll
0x00007ffa52c60000 - 0x00007ffa52ce0000 	C:\Windows\System32\fwpuclnt.dll
0x00007ffa63980000 - 0x00007ffa639a7000 	C:\Windows\System32\bcrypt.dll
0x00007ffa63270000 - 0x00007ffa63288000 	C:\Windows\SYSTEM32\CRYPTSP.dll
0x00007ffa61f90000 - 0x00007ffa61fc4000 	C:\Windows\system32\rsaenh.dll
0x00007ffa63480000 - 0x00007ffa634ae000 	C:\Windows\SYSTEM32\USERENV.dll
0x00007ffa62870000 - 0x00007ffa6287c000 	C:\Windows\SYSTEM32\CRYPTBASE.dll
0x00007ffa577f0000 - 0x00007ffa57807000 	C:\Windows\SYSTEM32\dhcpcsvc6.DLL
0x00007ffa57b30000 - 0x00007ffa57b4d000 	C:\Windows\SYSTEM32\dhcpcsvc.DLL

dbghelp: loaded successfully - version: 4.0.5 - missing functions: none
symbol engine: initialized successfully - sym options: 0x614 - pdb path: .;C:\Program Files\Java\jdk-19\bin;C:\Windows\SYSTEM32;C:\Windows\WinSxS\amd64_microsoft.windows.common-controls_6595b64144ccf1df_6.0.19041.1110_none_60b5254171f9507e;C:\Program Files\Java\jdk-19\bin\server

VM Arguments:
java_command: C:\Users\Supriya\AppData\Local\Temp\surefire8094437684908076036\surefirebooter8469057140445208858.jar C:\Users\Supriya\AppData\Local\Temp\surefire8094437684908076036 2023-04-29T23-24-04_241-jvmRun1 surefire14502009754962974181tmp surefire_011427545576188556113tmp
java_class_path (initial): C:\Users\Supriya\AppData\Local\Temp\surefire8094437684908076036\surefirebooter8469057140445208858.jar
Launcher Type: SUN_STANDARD

[Global flags]
     intx CICompilerCount                          = 3                                         {product} {ergonomic}
     uint ConcGCThreads                            = 1                                         {product} {ergonomic}
     uint G1ConcRefinementThreads                  = 4                                         {product} {ergonomic}
   size_t G1HeapRegionSize                         = 1048576                                   {product} {ergonomic}
    uintx GCDrainStackTargetSize                   = 64                                        {product} {ergonomic}
   size_t InitialHeapSize                          = 67108864                                  {product} {ergonomic}
   size_t MarkStackSize                            = 4194304                                   {product} {ergonomic}
   size_t MaxHeapSize                              = 1052770304                                {product} {ergonomic}
   size_t MaxNewSize                               = 631242752                                 {product} {ergonomic}
   size_t MinHeapDeltaBytes                        = 1048576                                   {product} {ergonomic}
   size_t MinHeapSize                              = 8388608                                   {product} {ergonomic}
    uintx NonNMethodCodeHeapSize                   = 5832780                                {pd product} {ergonomic}
    uintx NonProfiledCodeHeapSize                  = 122912730                              {pd product} {ergonomic}
    uintx ProfiledCodeHeapSize                     = 122912730                              {pd product} {ergonomic}
    uintx ReservedCodeCacheSize                    = 251658240                              {pd product} {ergonomic}
     bool SegmentedCodeCache                       = true                                      {product} {ergonomic}
   size_t SoftMaxHeapSize                          = 1052770304                             {manageable} {ergonomic}
     bool UseCompressedClassPointers               = true                           {product lp64_product} {ergonomic}
     bool UseCompressedOops                        = true                           {product lp64_product} {ergonomic}
     bool UseG1GC                                  = true                                      {product} {ergonomic}
     bool UseLargePagesIndividualAllocation        = false                                  {pd product} {ergonomic}

Logging:
Log output configuration:
 #0: stdout all=warning uptime,level,tags foldmultilines=false
 #1: stderr all=off uptime,level,tags foldmultilines=false

Environment Variables:
PATH=D:\oracle\product\10.2.0\db_1\bin;C:\Program Files\Common Files\Oracle\Java\javapath;C:\Windows\system32;C:\Windows;C:\Windows\System32\Wbem;C:\Windows\System32\WindowsPowerShell\v1.0\;C:\Windows\System32\OpenSSH\;C:\Program Files\MongoDB\Server\6.0\bin;C:\mongosh-1.6.0\bin;C:\ProgramData\chocolatey\bin;C:\Program Files\Git\cmd;C:\Program Files\nodejs\;C:\Users\Supriya\AppData\Local\Microsoft\WindowsApps;C:\Users\Supriya\AppData\Local\Programs\Microsoft VS Code\bin;C:\Users\Supriya\AppData\Roaming\npm;D:\Softwares\apache-maven-3.9.1\bin;D:\Softwares\Java\openlogic-openjdk-8u362-b09-windows-64\bin;C:\Program Files\Java\jre1.8.0_251\bin;
USERNAME=Supriya
OS=Windows_NT
PROCESSOR_IDENTIFIER=Intel64 Family 6 Model 61 Stepping 4, GenuineIntel
TMP=C:\Users\Supriya\AppData\Local\Temp
TEMP=C:\Users\Supriya\AppData\Local\Temp



---------------  S Y S T E M  ---------------

OS:
 Windows 10 , 64 bit Build 19041 (10.0.19041.2788)
OS uptime: 15 days 7:05 hours

CPU: total 4 (initial active 4) (2 cores per cpu, 2 threads per core) family 6 model 61 stepping 4 microcode 0x2d, cx8, cmov, fxsr, ht, mmx, 3dnowpref, sse, sse2, sse3, ssse3, sse4.1, sse4.2, popcnt, lzcnt, tsc, tscinvbit, avx, avx2, aes, erms, clmul, bmi1, bmi2, adx, fma, vzeroupper, clflush, rdtscp

Memory: 4k page, system-wide physical 4011M (307M free)
TotalPageFile size 16299M (AvailPageFile size 4M)
current process WorkingSet (physical memory assigned to process): 222M, peak: 222M
current process commit charge ("private bytes"): 255M, peak: 256M

vm_info: Java HotSpot(TM) 64-Bit Server VM (19.0.1+10-21) for windows-amd64 JRE (19.0.1+10-21), built on 2022-09-14T12:45:06Z by "mach5one" with MS VC++ 17.1 (VS2022)

END.
